/usr/bin/make all --print-data-base --no-builtin-variables --no-builtin-rules --question
# GNU Make 4.3
# Built for x86_64-pc-linux-gnu
# Copyright (C) 1988-2020 Free Software Foundation, Inc.
# License GPLv3+: GNU GPL version 3 or later <http://gnu.org/licenses/gpl.html>
# This is free software: you are free to change and redistribute it.
# There is NO WARRANTY, to the extent permitted by law.

# Make data base, printed on Mon Jan 10 14:02:49 2022

# Variables

# makefile (from 'Makefile', line 4)
OBJ := client_shared.c sub_client.c
# environment
GDK_BACKEND = x11
# environment
LC_ALL = C
# makefile (from 'Makefile', line 3)
SRC := client_shared.c sub_client.c
# environment
GNOME_SHELL_SESSION_MODE = ubuntu
# environment
SSH_AGENT_LAUNCHER = gnome-keyring
# environment
SNAP_INSTANCE_KEY = 
# environment
GJS_DEBUG_OUTPUT = stderr
# environment
VSCODE_IPC_HOOK_EXTHOST = /run/user/1000/vscode-ipc-1fc762b3-a8d7-4e4f-9e10-ae944cdbaca2.sock
# environment
LC_NAME = lt_LT.UTF-8
# environment
LC_NUMERIC = lt_LT.UTF-8
# environment
VSCODE_CWD = /home/studentas
# environment
LC_ADDRESS = lt_LT.UTF-8
# default
MAKE_COMMAND := /usr/bin/make
# environment
QT_ACCESSIBILITY = 1
# automatic
@D = $(patsubst %/,%,$(dir $@))
# environment
SNAP_INSTANCE_NAME = code
# environment
GDK_PIXBUF_MODULEDIR = /snap/code/85/usr/lib/x86_64-linux-gnu/gdk-pixbuf-2.0/2.10.0/loaders
# environment
VSCODE_HANDLES_UNCAUGHT_ERRORS = true
# default
.VARIABLES := 
# environment
PWD = /home/studentas/Desktop/mqttsub
# automatic
%D = $(patsubst %/,%,$(dir $%))
# environment
XDG_DATA_DIRS = /usr/share/ubuntu:/usr/local/share/:/usr/share/:/var/lib/snapd/desktop
# automatic
^D = $(patsubst %/,%,$(dir $^))
# environment
VSCODE_LOG_STACK = false
# automatic
%F = $(notdir $%)
# environment
VSCODE_CODE_CACHE_PATH = /home/studentas/.config/Code/CachedData/899d46d82c4c95423fb7e10e68eba52050e30ba3
# environment
LANG = C
# environment
XAUTHORITY = /run/user/1000/.mutter-Xwaylandauth.8MKDF1
# default
.LOADED := 
# makefile (from 'Makefile', line 8)
TMP := -Ilib/
# default
.INCLUDE_DIRS = /usr/local/include /usr/include /usr/include
# makefile
MAKEFLAGS = pqrR
# makefile
CURDIR := /home/studentas/Desktop/mqttsub
# environment
VSCODE_PIPE_LOGGING = true
# environment
APPLICATION_INSIGHTS_NO_DIAGNOSTIC_CHANNEL = true
# environment
LESSOPEN = | /usr/bin/lesspipe %s
# automatic
*D = $(patsubst %/,%,$(dir $*))
# environment
MFLAGS = -pqrR
# environment
SSH_AUTH_SOCK = /run/user/1000/keyring/ssh
# default
.SHELLFLAGS := -c
# environment
WAYLAND_DISPLAY = wayland-0
# environment
XDG_CONFIG_DIRS = /etc/xdg/xdg-ubuntu:/etc/xdg
# automatic
+D = $(patsubst %/,%,$(dir $+))
# environment
VSCODE_CRASH_REPORTER_START_OPTIONS = {"companyName":"Microsoft","productName":"VSCode","submitURL":"appcenter://code?aid=fba07a4d-84bd-4fc8-a125-9640fc8ce171&uid=fee79fec-a0c8-4b4b-8ee5-01c18dcab810&iid=fee79fec-a0c8-4b4b-8ee5-01c18dcab810&sid=fee79fec-a0c8-4b4b-8ee5-01c18dcab810","uploadToServer":true}
# environment
XDG_SESSION_DESKTOP = ubuntu
# makefile (from 'Makefile', line 1)
MAKEFILE_LIST := Makefile
# environment
SNAP_REEXEC = 
# automatic
@F = $(notdir $@)
# environment
VSCODE_VERBOSE_LOGGING = true
# environment
VSCODE_PID = 16680
# environment
XDG_SESSION_TYPE = wayland
# automatic
?D = $(patsubst %/,%,$(dir $?))
# environment
BAMF_DESKTOP_FILE_HINT = /var/lib/snapd/desktop/applications/code_code.desktop
# environment
SESSION_MANAGER = local/studentas-MS-7982:@/tmp/.ICE-unix/2401,unix/studentas-MS-7982:/tmp/.ICE-unix/2401
# automatic
*F = $(notdir $*)
# environment
CHROME_DESKTOP = code-url-handler.desktop
# environment
DBUS_SESSION_BUS_ADDRESS = unix:path=/run/user/1000/bus
# automatic
<D = $(patsubst %/,%,$(dir $<))
# environment
VSCODE_NLS_CONFIG = {"locale":"en-us","availableLanguages":{},"_languagePackSupport":true}
# environment
BREAKPAD_DUMP_LOCATION = /home/studentas/.config/Code/exthost Crash Reports
# default
MAKE_HOST := x86_64-pc-linux-gnu
# environment
GNOME_DESKTOP_SESSION_ID = this-is-deprecated
# makefile
SHELL = /bin/sh
# default
MAKECMDGOALS := all
# environment
XMODIFIERS = @im=ibus
# environment
GJS_DEBUG_TOPICS = JS ERROR;JS LOG
# environment
SHLVL = 0
# environment
MAKELEVEL := 0
# environment
IM_CONFIG_CHECK_ENV = 1
# default
MAKE = $(MAKE_COMMAND)
# environment
SNAP_COOKIE = NWFNV0e8adYbMlkF4S9vhZR9uZnjyrxKI5JnOzHfr8v3XZ0f7-Tx
# environment
PATH = /home/studentas/.local/bin:/home/studentas/.local/bin:/usr/local/sbin:/usr/local/bin:/usr/sbin:/usr/bin:/sbin:/bin:/usr/games:/usr/local/games:/snap/bin:/snap/bin
# default
MAKEFILES := 
# environment
LC_MONETARY = lt_LT.UTF-8
# automatic
^F = $(notdir $^)
# environment
SNAP_USER_COMMON = /home/studentas/snap/code/common
# environment
LC_TIME = lt_LT.UTF-8
# environment
SNAP = /snap/code/85
# makefile (from 'Makefile', line 10)
PREFIX = /usr
# environment
INVOCATION_ID = 6f3f14ebb9c0408dba1374197842184c
# environment
SNAP_REVISION = 85
# environment
SNAP_REAL_HOME = /home/studentas
# environment
VSCODE_LOG_NATIVE = false
# environment
USERNAME = studentas
# environment
GNOME_SETUP_DISPLAY = :1
# environment
LC_TELEPHONE = lt_LT.UTF-8
# environment
LESSCLOSE = /usr/bin/lesspipe %s %s
# automatic
?F = $(notdir $?)
# environment
XDG_CURRENT_DESKTOP = Unity
# environment
LS_COLORS = 
# automatic
+F = $(notdir $+)
# environment
DESKTOP_SESSION = ubuntu
# environment
ORIGINAL_XDG_CURRENT_DESKTOP = ubuntu:GNOME
# 'override' directive
GNUMAKEFLAGS := 
# environment
LOGNAME = studentas
# makefile (from 'Makefile', line 6)
CPPFLAGS := 
# environment
GIO_LAUNCHED_DESKTOP_FILE = /var/lib/snapd/desktop/applications/code_code.desktop
# environment
SNAP_ARCH = amd64
# makefile
.DEFAULT_GOAL := all
# environment
DISPLAY = :0
# environment
USER = studentas
# environment
GTK_MODULES = gail:atk-bridge
# default
MAKE_VERSION := 4.3
# environment
DISABLE_WAYLAND = 1
# environment
SNAP_DATA = /var/snap/code/85
# environment
SNAP_CONTEXT = NWFNV0e8adYbMlkF4S9vhZR9uZnjyrxKI5JnOzHfr8v3XZ0f7-Tx
# makefile (from 'Makefile', line 5)
LDFLAGS := -lmosquitto -lssl -lcrypto
# environment
MANAGERPID = 2263
# environment
LC_MEASUREMENT = lt_LT.UTF-8
# environment
GIO_LAUNCHED_DESKTOP_FILE_PID = 16633
# environment
_ = /snap/code/85/usr/share/code/code
# environment
LC_PAPER = lt_LT.UTF-8
# makefile (from 'Makefile', line 2)
BIN := mqttsub
# environment
XDG_RUNTIME_DIR = /run/user/1000
# makefile (from 'Makefile', line 7)
CFLAGS := -DWITH_TLS -DWITH_TLS_PSK
# environment
GDK_PIXBUF_MODULE_FILE = /home/studentas/snap/code/common/.cache/gdk-pixbuf-loaders.cache
# environment
JOURNAL_STREAM = 8:33522
# environment
XDG_SESSION_CLASS = user
# environment
VSCODE_AMD_ENTRYPOINT = vs/workbench/services/extensions/node/extensionHostProcess
# environment
HOME = /home/studentas
# environment
QT_IM_MODULE = ibus
# environment
ELECTRON_RUN_AS_NODE = 1
# environment
VSCODE_IPC_HOOK = /run/user/1000/vscode-4d93dace-1.63.2-main.sock
# environment
SNAP_NAME = code
# environment
GSETTINGS_SCHEMA_DIR = /snap/code/85/usr/share/glib-2.0/schemas
# environment
IM_CONFIG_PHASE = 1
# default
.RECIPEPREFIX := 
# automatic
<F = $(notdir $<)
# environment
SNAP_VERSION = 899d46d8
# default
SUFFIXES := 
# environment
VSCODE_CLI = 1
# environment
ELECTRON_NO_ATTACH_CONSOLE = 1
# environment
SNAP_COMMON = /var/snap/code/common
# default
.FEATURES := target-specific order-only second-expansion else-if shortest-stem undefine oneshell nocomment grouped-target extra-prereqs archives jobserver output-sync check-symlink load
# makefile (from 'Makefile', line 1)
CC := gcc
# environment
SNAP_USER_DATA = /home/studentas/snap/code/85
# environment
XDG_MENU_PREFIX = gnome-
# environment
GDMSESSION = ubuntu
# environment
LC_IDENTIFICATION = lt_LT.UTF-8
# environment
SNAP_LIBRARY_PATH = /var/lib/snapd/lib/gl:/var/lib/snapd/lib/gl32:/var/lib/snapd/void
# variable set hash-table stats:
# Load=141/1024=14%, Rehash=0, Collisions=11/184=6%

 
# Pattern-specific Variable Values

# No pattern-specific variable values.

# Directories

# . (device 2069, inode 6443577): 10 files, no impossibilities.

# 10 files, no impossibilities in 1 directories.

# Implicit Rules

# No implicit rules.

# Files

# Not a target:
client_shared.c:
#  Implicit rule search has been done.
#  Last modified 2022-01-10 13:02:51.379528127
#  File has been updated.
#  Successfully updated.

# Not a target:
Makefile:
#  Implicit rule search has been done.
#  Last modified 2021-12-30 13:35:37.107441442
#  File has been updated.
#  Successfully updated.

uninstall:
#  Phony target (prerequisite of .PHONY).
#  Implicit rule search has not been done.
#  File does not exist.
#  File has not been updated.

clean:
#  Phony target (prerequisite of .PHONY).
#  Implicit rule search has not been done.
#  File does not exist.
#  File has not been updated.
#  recipe to execute (from 'Makefile', line 19):
	$(RM) $(BIN) $(OBJ)

mqttsub: client_shared.c sub_client.c
#  Implicit rule search has not been done.
#  Implicit/static pattern stem: ''
#  Last modified 2021-12-30 13:56:11.867985364
#  File has been updated.
#  Needs to be updated (-q is set).
# automatic
# @ := mqttsub
# automatic
# * := 
# automatic
# < := client_shared.c
# automatic
# + := client_shared.c sub_client.c
# automatic
# % := 
# automatic
# ^ := client_shared.c sub_client.c
# automatic
# ? := client_shared.c sub_client.c
# automatic
# | := 
# variable set hash-table stats:
# Load=8/32=25%, Rehash=0, Collisions=4/18=22%
#  recipe to execute (from 'Makefile', line 17):
	$(CC) $(CPPFLAGS) $(CFLAGS) $(TMP) -o $@ $^ $(LDFLAGS)

# Not a target:
.DEFAULT:
#  Implicit rule search has not been done.
#  Modification time never checked.
#  File has not been updated.

all: mqttsub
#  Phony target (prerequisite of .PHONY).
#  Command line target.
#  Implicit rule search has not been done.
#  File does not exist.
#  File has been updated.
#  Needs to be updated (-q is set).
# variable set hash-table stats:
# Load=0/32=0%, Rehash=0, Collisions=0/8=0%

# Not a target:
sub_client.c:
#  Implicit rule search has been done.
#  Last modified 2021-12-30 14:38:57.134366762
#  File has been updated.
#  Successfully updated.

install:
#  Phony target (prerequisite of .PHONY).
#  Implicit rule search has not been done.
#  File does not exist.
#  File has not been updated.

# Not a target:
.SUFFIXES:
#  Implicit rule search has not been done.
#  Modification time never checked.
#  File has not been updated.

.PHONY: all clean install uninstall
#  Implicit rule search has not been done.
#  Modification time never checked.
#  File has not been updated.

# files hash-table stats:
# Load=11/1024=1%, Rehash=0, Collisions=0/32=0%
# VPATH Search Paths

# No 'vpath' search paths.

# No general ('VPATH' variable) search path.

# strcache buffers: 1 (0) / strings = 19 / storage = 170 B / avg = 8 B
# current buf: size = 8162 B / used = 170 B / count = 19 / avg = 8 B

# strcache performance: lookups = 35 / hit rate = 45%
# hash-table stats:
# Load=19/8192=0%, Rehash=0, Collisions=0/35=0%
# Finished Make data base on Mon Jan 10 14:02:49 2022

 
